Pig Stack Trace
---------------
ERROR 1025: 
<file scriptInicial.pig, line 66, column 57> Invalid field projection. Projected field [compro] does not exist in schema: productosVisitadosPorTop20::usuariosTop20TimeRank::idUsuario:int,productosVisitadosPorTop20::logVentas::idUsuario:int,productosVisitadosPorTop20::logVentas::idProducto:int,productosVisitadosPorTop20::logVentas::tiempo:int,productosVisitadosPorTop20::logVentas::compro:chararray,productosVisitadosPorTop20::logVentas::idSigProducto:int,logVentas::idUsuario:int,logVentas::idProducto:int,logVentas::tiempo:int,logVentas::compro:chararray,logVentas::idSigProducto:int.

org.apache.pig.impl.plan.PlanValidationException: ERROR 1025: 
<file scriptInicial.pig, line 66, column 57> Invalid field projection. Projected field [compro] does not exist in schema: productosVisitadosPorTop20::usuariosTop20TimeRank::idUsuario:int,productosVisitadosPorTop20::logVentas::idUsuario:int,productosVisitadosPorTop20::logVentas::idProducto:int,productosVisitadosPorTop20::logVentas::tiempo:int,productosVisitadosPorTop20::logVentas::compro:chararray,productosVisitadosPorTop20::logVentas::idSigProducto:int,logVentas::idUsuario:int,logVentas::idProducto:int,logVentas::tiempo:int,logVentas::compro:chararray,logVentas::idSigProducto:int.
	at org.apache.pig.newplan.logical.expression.ProjectExpression.findColNum(ProjectExpression.java:191)
	at org.apache.pig.newplan.logical.expression.ProjectExpression.setColumnNumberFromAlias(ProjectExpression.java:174)
	at org.apache.pig.newplan.logical.visitor.ColumnAliasConversionVisitor$1.visit(ColumnAliasConversionVisitor.java:53)
	at org.apache.pig.newplan.logical.expression.ProjectExpression.accept(ProjectExpression.java:215)
	at org.apache.pig.newplan.DependencyOrderWalker.walk(DependencyOrderWalker.java:75)
	at org.apache.pig.newplan.PlanVisitor.visit(PlanVisitor.java:52)
	at org.apache.pig.newplan.logical.optimizer.AllExpressionVisitor.visit(AllExpressionVisitor.java:80)
	at org.apache.pig.newplan.logical.relational.LOFilter.accept(LOFilter.java:79)
	at org.apache.pig.newplan.DependencyOrderWalker.walk(DependencyOrderWalker.java:75)
	at org.apache.pig.newplan.PlanVisitor.visit(PlanVisitor.java:52)
	at org.apache.pig.newplan.logical.relational.LogicalPlan.validate(LogicalPlan.java:175)
	at org.apache.pig.PigServer$Graph.compile(PigServer.java:1851)
	at org.apache.pig.PigServer$Graph.access$300(PigServer.java:1527)
	at org.apache.pig.PigServer.execute(PigServer.java:1440)
	at org.apache.pig.PigServer.executeBatch(PigServer.java:488)
	at org.apache.pig.PigServer.executeBatch(PigServer.java:471)
	at org.apache.pig.tools.grunt.GruntParser.executeBatch(GruntParser.java:172)
	at org.apache.pig.tools.grunt.GruntParser.processRemove(GruntParser.java:1092)
	at org.apache.pig.tools.pigscript.parser.PigScriptParser.parse(PigScriptParser.java:610)
	at org.apache.pig.tools.grunt.GruntParser.parseStopOnError(GruntParser.java:231)
	at org.apache.pig.tools.grunt.GruntParser.parseStopOnError(GruntParser.java:206)
	at org.apache.pig.tools.grunt.Grunt.exec(Grunt.java:81)
	at org.apache.pig.Main.run(Main.java:630)
	at org.apache.pig.Main.main(Main.java:176)
	at sun.reflect.NativeMethodAccessorImpl.invoke0(Native Method)
	at sun.reflect.NativeMethodAccessorImpl.invoke(NativeMethodAccessorImpl.java:57)
	at sun.reflect.DelegatingMethodAccessorImpl.invoke(DelegatingMethodAccessorImpl.java:43)
	at java.lang.reflect.Method.invoke(Method.java:606)
	at org.apache.hadoop.util.RunJar.run(RunJar.java:221)
	at org.apache.hadoop.util.RunJar.main(RunJar.java:136)
================================================================================
